
Tue Jul 14 2015 10:25:02 GMT-0400 (EDT)

Operating System
  Name                        = Mac OS X
  Version                     = 10.10.4
  Architecture                = 64bit
  # CPUs                      = 8
  Memory                      = 17179869184

Node.js
  Node.js Version             = 0.10.13
  npm Version                 = 1.3.2

Titanium CLI
  CLI Version                 = 4.0.1

Titanium SDK
  SDK Version                 = 4.1.0.GA
  SDK Path                    = /Users/ryankbacka/Library/Application Support/Titanium/mobilesdk/osx/4.1.0.GA
  Target Platform             = android

Command
  /usr/local/bin/node /Users/ryankbacka/.appcelerator/install/4.1.0/package/node_modules/appc-cli-titanium/node_modules/titanium/bin/titanium build --platform android --log-level trace --sdk 4.1.0.GA --project-dir /Users/ryankbacka/Desktop/AVF1507/AVF1507 Project1 --target emulator --android-sdk /Users/ryankbacka/Library/android-sdk-macosx --device-id titanium_1_WVGA800 --skip-js-minify --no-colors --no-progress-bars --no-prompt --prompt-type socket-bundle --prompt-port 50069 --plugin-paths /Users/ryankbacka/.appcelerator/install/4.1.0/package/node_modules --config-file /var/folders/zg/z_7nyy1d0jz6txnlygz_yzjw0000gn/T/build-1436883898258.json --no-banner

[DEBUG]  Detecting modules in /Users/ryankbacka/Library/Application Support/Titanium/modules
[DEBUG]  Detected android module: com.appcelerator.apm 1.1.1 @ /Users/ryankbacka/Library/Application Support/Titanium/modules/android/com.appcelerator.apm/1.1.1
[DEBUG]  Detected android module: facebook 3.0.2 @ /Users/ryankbacka/Library/Application Support/Titanium/modules/android/facebook/3.0.2
[DEBUG]  Detected android module: facebook 4.0.5 @ /Users/ryankbacka/Library/Application Support/Titanium/modules/android/facebook/4.0.5
[DEBUG]  Detected android module: ti.cloudpush 3.3.0 @ /Users/ryankbacka/Library/Application Support/Titanium/modules/android/ti.cloudpush/3.3.0
[DEBUG]  Detected android module: ti.cloudpush 3.3.8 @ /Users/ryankbacka/Library/Application Support/Titanium/modules/android/ti.cloudpush/3.3.8
[DEBUG]  Detected android module: ti.map 2.1.4 @ /Users/ryankbacka/Library/Application Support/Titanium/modules/android/ti.map/2.1.4
[DEBUG]  Detected android module: ti.map 2.3.1 @ /Users/ryankbacka/Library/Application Support/Titanium/modules/android/ti.map/2.3.1
[DEBUG]  Detected commonjs module: ti.cloud 3.2.5 @ /Users/ryankbacka/Library/Application Support/Titanium/modules/commonjs/ti.cloud/3.2.5
[DEBUG]  Detected commonjs module: ti.cloud 3.2.9 @ /Users/ryankbacka/Library/Application Support/Titanium/modules/commonjs/ti.cloud/3.2.9
[DEBUG]  Detected iphone module: com.appcelerator.apm 1.1.1 @ /Users/ryankbacka/Library/Application Support/Titanium/modules/iphone/com.appcelerator.apm/1.1.1
[DEBUG]  Detected iphone module: com.appcelerator.urlSession 1.0.1 @ /Users/ryankbacka/Library/Application Support/Titanium/modules/iphone/com.appcelerator.urlSession/1.0.1
[DEBUG]  Detected iphone module: com.appcelerator.urlSession 1.1.1 @ /Users/ryankbacka/Library/Application Support/Titanium/modules/iphone/com.appcelerator.urlSession/1.1.1
[DEBUG]  Detected iphone module: facebook 3.1.1 @ /Users/ryankbacka/Library/Application Support/Titanium/modules/iphone/facebook/3.1.1
[DEBUG]  Detected iphone module: facebook 4.0.5 @ /Users/ryankbacka/Library/Application Support/Titanium/modules/iphone/facebook/4.0.5
[DEBUG]  Detected iphone module: ti.coremotion 1.0.1 @ /Users/ryankbacka/Library/Application Support/Titanium/modules/iphone/ti.coremotion/1.0.1
[DEBUG]  Detected iphone module: ti.coremotion 1.1.0 @ /Users/ryankbacka/Library/Application Support/Titanium/modules/iphone/ti.coremotion/1.1.0
[DEBUG]  Detected iphone module: ti.map 2.0.4 @ /Users/ryankbacka/Library/Application Support/Titanium/modules/iphone/ti.map/2.0.4
[DEBUG]  Detected iphone module: ti.map 2.3.1 @ /Users/ryankbacka/Library/Application Support/Titanium/modules/iphone/ti.map/2.3.1
[DEBUG]  Detected iphone module: ti.touchid 1.0 @ /Users/ryankbacka/Library/Application Support/Titanium/modules/iphone/ti.touchid/1.0
[DEBUG]  Detected iphone module: ti.touchid 1.1.0 @ /Users/ryankbacka/Library/Application Support/Titanium/modules/iphone/ti.touchid/1.1.0
[DEBUG]  No project level plugins to load
[DEBUG]  Titanium SDK Android directory: /Users/ryankbacka/Library/Application Support/Titanium/mobilesdk/osx/4.1.0.GA/android
[INFO]   Deploy type: development
[INFO]   Building for target: emulator
[INFO]   Building for emulator: titanium_1_WVGA800
[INFO]   Targeting Android SDK: 22
[INFO]   Building for the following architectures: armeabi, armeabi-v7a, x86
[INFO]   Signing with keystore: /Users/ryankbacka/Library/Application Support/Titanium/mobilesdk/osx/4.1.0.GA/android/dev_keystore (tidev)
[DEBUG]  App ID: com.fullsail.AVFProject1
[DEBUG]  Classname: Avf1507Project1
[INFO]   Debugging disabled
[INFO]   Profiler disabled
[INFO]   Forcing rebuild: /Users/ryankbacka/Desktop/AVF1507/AVF1507 Project1/build/android/build-manifest.json does not exist
[INFO]   Launching emulator: titanium_1_WVGA800
[TRACE]  Starting emulator: titanium_1_WVGA800
[TRACE]  Checking if emulator titanium_1_WVGA800 is running...
[TRACE]  Detecting if titanium_1_WVGA800 exists...
[TRACE]  Found 1 emulators
[TRACE]  Emulator exists, detecting all running emulators and connected devices...
[TRACE]  Detected 1 running emulators and connected devices